00:58:18.041 [DEBUG] [org.gradle.launcher.daemon.bootstrap.DaemonMain] Assuming the daemon was started with following jvm opts: [-XX:+HeapDumpOnOutOfMemoryError, -Xmx1024m, -Dfile.encoding=UTF-8, -Duser.country, -Duser.language=en, -Duser.variant]
00:58:18.492 [INFO] [org.gradle.launcher.daemon.server.Daemon] start() called on daemon - DefaultDaemonContext[uid=0fed9093-d805-4c39-80c8-27f8ab813ed6,javaHome=/opt/jdk1.8.0_162,daemonRegistryDir=/app/cache/daemon,pid=33,idleTimeout=10800000,daemonOpts=-XX:+HeapDumpOnOutOfMemoryError,-Xmx1024m,-Dfile.encoding=UTF-8,-Duser.country,-Duser.language=en,-Duser.variant]
00:58:18.555 [DEBUG] [org.gradle.internal.remote.internal.inet.InetAddresses] Adding IP addresses for network interface eth0
00:58:18.559 [DEBUG] [org.gradle.internal.remote.internal.inet.InetAddresses] Is this a loopback interface? false
00:58:18.563 [DEBUG] [org.gradle.internal.remote.internal.inet.InetAddresses] Is this a multicast interface? true
00:58:18.566 [DEBUG] [org.gradle.internal.remote.internal.inet.InetAddresses] Adding remote address /172.19.0.4
00:58:18.577 [DEBUG] [org.gradle.internal.remote.internal.inet.InetAddresses] Adding remote multicast interface eth0
00:58:18.582 [DEBUG] [org.gradle.internal.remote.internal.inet.InetAddresses] Adding IP addresses for network interface lo
00:58:18.587 [DEBUG] [org.gradle.internal.remote.internal.inet.InetAddresses] Is this a loopback interface? true
00:58:18.589 [DEBUG] [org.gradle.internal.remote.internal.inet.InetAddresses] Is this a multicast interface? false
00:58:18.592 [DEBUG] [org.gradle.internal.remote.internal.inet.InetAddresses] Adding loopback address /127.0.0.1
00:58:18.599 [DEBUG] [org.gradle.internal.remote.internal.inet.TcpIncomingConnector] Listening on [e350ee2c-e087-462a-a9f8-8faa31668296 port:41653, addresses:[/127.0.0.1]].
00:58:18.611 [DEBUG] [org.gradle.launcher.daemon.server.Daemon] Daemon starting at: Mon Mar 26 00:58:18 GMT 2018, with address: [e350ee2c-e087-462a-a9f8-8faa31668296 port:41653, addresses:[/127.0.0.1]]
00:58:18.625 [INFO] [org.gradle.launcher.daemon.server.DaemonRegistryUpdater] Advertising the daemon address to the clients: [e350ee2c-e087-462a-a9f8-8faa31668296 port:41653, addresses:[/127.0.0.1]]
00:58:18.634 [DEBUG] [org.gradle.launcher.daemon.server.DaemonRegistryUpdater] Advertised daemon context: DefaultDaemonContext[uid=0fed9093-d805-4c39-80c8-27f8ab813ed6,javaHome=/opt/jdk1.8.0_162,daemonRegistryDir=/app/cache/daemon,pid=33,idleTimeout=10800000,daemonOpts=-XX:+HeapDumpOnOutOfMemoryError,-Xmx1024m,-Dfile.encoding=UTF-8,-Duser.country,-Duser.language=en,-Duser.variant]
00:58:18.640 [DEBUG] [org.gradle.launcher.daemon.registry.PersistentDaemonRegistry] Storing daemon address: [e350ee2c-e087-462a-a9f8-8faa31668296 port:41653, addresses:[/127.0.0.1]], context: DefaultDaemonContext[uid=0fed9093-d805-4c39-80c8-27f8ab813ed6,javaHome=/opt/jdk1.8.0_162,daemonRegistryDir=/app/cache/daemon,pid=33,idleTimeout=10800000,daemonOpts=-XX:+HeapDumpOnOutOfMemoryError,-Xmx1024m,-Dfile.encoding=UTF-8,-Duser.country,-Duser.language=en,-Duser.variant]
00:58:18.682 [DEBUG] [org.gradle.cache.internal.DefaultFileLockManager] Waiting to acquire exclusive lock on daemon addresses registry.
00:58:18.703 [DEBUG] [org.gradle.cache.internal.DefaultFileLockManager] Lock acquired on daemon addresses registry.
00:58:18.728 [DEBUG] [org.gradle.cache.internal.DefaultFileLockManager] Releasing lock on daemon addresses registry.
00:58:18.733 [LIFECYCLE] [org.gradle.launcher.daemon.server.Daemon] Daemon server started.
00:58:18.752 [DEBUG] [org.gradle.launcher.daemon.bootstrap.DaemonStartupCommunication] Completed writing the daemon greeting. Closing streams...
00:58:18.784 [DEBUG] [org.gradle.launcher.daemon.server.Daemon] stopOnExpiration() called on daemon
00:58:18.796 [DEBUG] [org.gradle.launcher.daemon.server.Daemon] awaitExpiration() called on daemon
00:58:18.800 [DEBUG] [org.gradle.launcher.daemon.server.DaemonStateCoordinator] daemon is running. Sleeping until state changes.
00:58:18.859 [DEBUG] [org.gradle.internal.remote.internal.inet.TcpIncomingConnector] Accepted connection from /127.0.0.1:58284 to /127.0.0.1:41653.
00:58:19.519 [DEBUG] [org.gradle.launcher.daemon.server.SynchronizedDispatchConnection] thread 15: received class org.gradle.launcher.daemon.protocol.Build
00:58:19.526 [DEBUG] [org.gradle.launcher.daemon.server.DefaultDaemonConnection] thread 15: Received non-IO message from client: Build{id=3e6a8a37-c890-4277-a485-d43aa3a0ff62.1, currentDir=/app}
00:58:19.533 [INFO] [org.gradle.launcher.daemon.server.DefaultIncomingConnectionHandler] Received command: Build{id=3e6a8a37-c890-4277-a485-d43aa3a0ff62.1, currentDir=/app}.
00:58:19.535 [DEBUG] [org.gradle.launcher.daemon.server.DefaultIncomingConnectionHandler] Starting executing command: Build{id=3e6a8a37-c890-4277-a485-d43aa3a0ff62.1, currentDir=/app} with connection: socket connection from /127.0.0.1:41653 to /127.0.0.1:58284.
00:58:19.555 [ERROR] [org.gradle.launcher.daemon.server.DaemonStateCoordinator] Command execution: started DaemonCommandExecution[command = Build{id=3e6a8a37-c890-4277-a485-d43aa3a0ff62.1, currentDir=/app}, connection = DefaultDaemonConnection: socket connection from /127.0.0.1:41653 to /127.0.0.1:58284] after 0.0 minutes of idle
00:58:19.559 [INFO] [org.gradle.launcher.daemon.server.DaemonRegistryUpdater] Marking the daemon as busy, address: [e350ee2c-e087-462a-a9f8-8faa31668296 port:41653, addresses:[/127.0.0.1]]
00:58:19.562 [DEBUG] [org.gradle.launcher.daemon.registry.PersistentDaemonRegistry] Marking busy by address: [e350ee2c-e087-462a-a9f8-8faa31668296 port:41653, addresses:[/127.0.0.1]]
00:58:19.571 [DEBUG] [org.gradle.cache.internal.DefaultFileLockManager] Waiting to acquire exclusive lock on daemon addresses registry.
00:58:19.577 [DEBUG] [org.gradle.cache.internal.DefaultFileLockManager] Lock acquired on daemon addresses registry.
00:58:19.634 [DEBUG] [org.gradle.cache.internal.DefaultFileLockManager] Releasing lock on daemon addresses registry.
00:58:19.639 [DEBUG] [org.gradle.launcher.daemon.server.DaemonStateCoordinator] resetting idle timer
00:58:19.642 [DEBUG] [org.gradle.launcher.daemon.server.DaemonStateCoordinator] daemon is running. Sleeping until state changes.
00:58:19.644 [INFO] [org.gradle.launcher.daemon.server.exec.StartBuildOrRespondWithBusy] Daemon is about to start building Build{id=3e6a8a37-c890-4277-a485-d43aa3a0ff62.1, currentDir=/app}. Dispatching build started information...
00:58:19.649 [DEBUG] [org.gradle.launcher.daemon.server.SynchronizedDispatchConnection] thread 17: dispatching class org.gradle.launcher.daemon.protocol.BuildStarted
00:58:19.720 [DEBUG] [org.gradle.launcher.daemon.server.SynchronizedDispatchConnection] thread 15: received class org.gradle.launcher.daemon.protocol.CloseInput
00:58:19.720 [DEBUG] [org.gradle.launcher.daemon.server.exec.EstablishBuildEnvironment] Configuring env variables: {PATH=/usr/local/sbin:/usr/local/bin:/usr/sbin:/usr/bin:/sbin:/bin:/opt/jdk/bin, JAVA_JCE=unlimited, SPRING_PROFILES_ACTIVE=dev, JAVA_HOME=/opt/jdk, OLDPWD=/app, GLIBC_VERSION=2.27-r0, LANG=C.UTF-8, JAVA_VERSION_MAJOR=8, GRADLE_USER_HOME=cache, HOSTNAME=f1b7786dac3f, GLIBC_REPO=https://github.com/sgerrand/alpine-pkg-glibc, JAVA_VERSION_MINOR=162, PWD=/app, JAVA_PACKAGE=jdk, JAVA_VERSION_BUILD=12, HOME=/root, SHLVL=1}
00:58:19.724 [DEBUG] [org.gradle.launcher.daemon.server.DefaultDaemonConnection] thread 15: Received IO message from client: org.gradle.launcher.daemon.protocol.CloseInput@576ff3c
00:58:19.771 [DEBUG] [org.gradle.launcher.daemon.server.exec.LogToClient] About to start relaying all logs to the client via the connection.
00:58:19.787 [INFO] [org.gradle.launcher.daemon.server.exec.LogToClient] The client will now receive all logging from the daemon (pid: 33). The daemon log file: /app/cache/daemon/4.5.1/daemon-33.out.log
00:58:19.795 [INFO] [org.gradle.launcher.daemon.server.exec.LogAndCheckHealth] Starting build in new daemon [memory: 954.7 MB]
00:58:19.813 [INFO] [org.gradle.launcher.daemon.server.exec.ForwardClientInput] Closing daemon's stdin at end of input.
00:58:19.818 [INFO] [org.gradle.launcher.daemon.server.exec.ForwardClientInput] The daemon will no longer process any standard input.
00:58:19.834 [DEBUG] [org.gradle.launcher.daemon.server.exec.ExecuteBuild] The daemon has started executing the build.
00:58:19.849 [DEBUG] [org.gradle.launcher.daemon.server.exec.ExecuteBuild] Executing build with daemon context: DefaultDaemonContext[uid=0fed9093-d805-4c39-80c8-27f8ab813ed6,javaHome=/opt/jdk1.8.0_162,daemonRegistryDir=/app/cache/daemon,pid=33,idleTimeout=10800000,daemonOpts=-XX:+HeapDumpOnOutOfMemoryError,-Xmx1024m,-Dfile.encoding=UTF-8,-Duser.country,-Duser.language=en,-Duser.variant]
:compileJava
:processResources UP-TO-DATE
:classes
:bootRun
00:59:16.849 [main] DEBUG org.springframework.boot.devtools.settings.DevToolsSettings - Included patterns for restart : []
00:59:16.901 [main] DEBUG org.springframework.boot.devtools.settings.DevToolsSettings - Excluded patterns for restart : [/spring-boot-starter/target/classes/, /spring-boot-autoconfigure/target/classes/, /spring-boot-starter-[\w-]+/, /spring-boot/target/classes/, /spring-boot-actuator/target/classes/, /spring-boot-devtools/target/classes/]
00:59:16.906 [main] DEBUG org.springframework.boot.devtools.restart.ChangeableUrls - Matching URLs for reloading : [file:/app/build/classes/java/main/, file:/app/build/resources/main/]
2018-03-26 00:59:20.462  INFO 78 --- [  restartedMain] s.c.a.AnnotationConfigApplicationContext : Refreshing org.springframework.context.annotation.AnnotationConfigApplicationContext@4ba3c96c: startup date [Mon Mar 26 00:59:20 GMT 2018]; root of context hierarchy
2018-03-26 00:59:23.594  INFO 78 --- [  restartedMain] f.a.AutowiredAnnotationBeanPostProcessor : JSR-330 'javax.inject.Inject' annotation found and supported for autowiring
2018-03-26 00:59:24.053  INFO 78 --- [  restartedMain] trationDelegate$BeanPostProcessorChecker : Bean 'configurationPropertiesRebinderAutoConfiguration' of type [org.springframework.cloud.autoconfigure.ConfigurationPropertiesRebinderAutoConfiguration$$EnhancerBySpringCGLIB$$2072cb8e] is not eligible for getting processed by all BeanPostProcessors (for example: not eligible for auto-proxying)

  .   ____          _            __ _ _
 /\\ / ___'_ __ _ _(_)_ __  __ _ \ \ \ \
( ( )\___ | '_ | '_| | '_ \/ _` | \ \ \ \
 \\/  ___)| |_)| | | | | || (_| |  ) ) ) )
  '  |____| .__|_| |_|_| |_\__, | / / / /
 =========|_|==============|___/=/_/_/_/
[32m :: Spring Boot :: [39m      [2m (v1.5.8.RELEASE)[0;39m

[2m2018-03-26 00:59:26.307[0;39m [32m INFO[0;39m [35m78[0;39m [2m---[0;39m [2m[  restartedMain][0;39m [36mc.example.usersapi.UsersApiApplication  [0;39m [2m:[0;39m The following profiles are active: dev
[2m2018-03-26 00:59:26.398[0;39m [32m INFO[0;39m [35m78[0;39m [2m---[0;39m [2m[  restartedMain][0;39m [36mationConfigEmbeddedWebApplicationContext[0;39m [2m:[0;39m Refreshing org.springframework.boot.context.embedded.AnnotationConfigEmbeddedWebApplicationContext@5828dcfc: startup date [Mon Mar 26 00:59:26 GMT 2018]; parent: org.springframework.context.annotation.AnnotationConfigApplicationContext@4ba3c96c
[2m2018-03-26 00:59:41.475[0;39m [32m INFO[0;39m [35m78[0;39m [2m---[0;39m [2m[  restartedMain][0;39m [36mo.s.cloud.context.scope.GenericScope    [0;39m [2m:[0;39m BeanFactory id=23ded8c3-25c5-3a5c-969d-695ec2534a07
[2m2018-03-26 00:59:41.915[0;39m [32m INFO[0;39m [35m78[0;39m [2m---[0;39m [2m[  restartedMain][0;39m [36mf.a.AutowiredAnnotationBeanPostProcessor[0;39m [2m:[0;39m JSR-330 'javax.inject.Inject' annotation found and supported for autowiring
[2m2018-03-26 00:59:43.086[0;39m [32m INFO[0;39m [35m78[0;39m [2m---[0;39m [2m[  restartedMain][0;39m [36mtrationDelegate$BeanPostProcessorChecker[0;39m [2m:[0;39m Bean 'org.springframework.transaction.annotation.ProxyTransactionManagementConfiguration' of type [org.springframework.transaction.annotation.ProxyTransactionManagementConfiguration$$EnhancerBySpringCGLIB$$458c891] is not eligible for getting processed by all BeanPostProcessors (for example: not eligible for auto-proxying)
[2m2018-03-26 00:59:43.363[0;39m [32m INFO[0;39m [35m78[0;39m [2m---[0;39m [2m[  restartedMain][0;39m [36mtrationDelegate$BeanPostProcessorChecker[0;39m [2m:[0;39m Bean 'org.springframework.cloud.autoconfigure.ConfigurationPropertiesRebinderAutoConfiguration' of type [org.springframework.cloud.autoconfigure.ConfigurationPropertiesRebinderAutoConfiguration$$EnhancerBySpringCGLIB$$2072cb8e] is not eligible for getting processed by all BeanPostProcessors (for example: not eligible for auto-proxying)
[2m2018-03-26 00:59:47.494[0;39m [32m INFO[0;39m [35m78[0;39m [2m---[0;39m [2m[  restartedMain][0;39m [36ms.b.c.e.t.TomcatEmbeddedServletContainer[0;39m [2m:[0;39m Tomcat initialized with port(s): 8081 (http)
[2m2018-03-26 00:59:47.627[0;39m [32m INFO[0;39m [35m78[0;39m [2m---[0;39m [2m[  restartedMain][0;39m [36mo.apache.catalina.core.StandardService  [0;39m [2m:[0;39m Starting service [Tomcat]
[2m2018-03-26 00:59:47.635[0;39m [32m INFO[0;39m [35m78[0;39m [2m---[0;39m [2m[  restartedMain][0;39m [36morg.apache.catalina.core.StandardEngine [0;39m [2m:[0;39m Starting Servlet Engine: Apache Tomcat/8.5.23
[2m2018-03-26 00:59:49.293[0;39m [32m INFO[0;39m [35m78[0;39m [2m---[0;39m [2m[ost-startStop-1][0;39m [36mo.a.c.c.C.[Tomcat].[localhost].[/]      [0;39m [2m:[0;39m Initializing Spring embedded WebApplicationContext
[2m2018-03-26 00:59:49.293[0;39m [32m INFO[0;39m [35m78[0;39m [2m---[0;39m [2m[ost-startStop-1][0;39m [36mo.s.web.context.ContextLoader           [0;39m [2m:[0;39m Root WebApplicationContext: initialization completed in 22895 ms
[2m2018-03-26 00:59:50.675[0;39m [32m INFO[0;39m [35m78[0;39m [2m---[0;39m [2m[ost-startStop-1][0;39m [36mo.s.b.w.servlet.ServletRegistrationBean [0;39m [2m:[0;39m Mapping servlet: 'dispatcherServlet' to [/]
[2m2018-03-26 00:59:50.710[0;39m [32m INFO[0;39m [35m78[0;39m [2m---[0;39m [2m[ost-startStop-1][0;39m [36mo.s.b.w.servlet.FilterRegistrationBean  [0;39m [2m:[0;39m Mapping filter: 'characterEncodingFilter' to: [/*]
[2m2018-03-26 00:59:50.713[0;39m [32m INFO[0;39m [35m78[0;39m [2m---[0;39m [2m[ost-startStop-1][0;39m [36mo.s.b.w.servlet.FilterRegistrationBean  [0;39m [2m:[0;39m Mapping filter: 'hiddenHttpMethodFilter' to: [/*]
[2m2018-03-26 00:59:50.713[0;39m [32m INFO[0;39m [35m78[0;39m [2m---[0;39m [2m[ost-startStop-1][0;39m [36mo.s.b.w.servlet.FilterRegistrationBean  [0;39m [2m:[0;39m Mapping filter: 'httpPutFormContentFilter' to: [/*]
[2m2018-03-26 00:59:50.714[0;39m [32m INFO[0;39m [35m78[0;39m [2m---[0;39m [2m[ost-startStop-1][0;39m [36mo.s.b.w.servlet.FilterRegistrationBean  [0;39m [2m:[0;39m Mapping filter: 'requestContextFilter' to: [/*]
[2m2018-03-26 00:59:52.531[0;39m [32m INFO[0;39m [35m78[0;39m [2m---[0;39m [2m[  restartedMain][0;39m [36mo.f.core.internal.util.VersionPrinter   [0;39m [2m:[0;39m Flyway 3.2.1 by Boxfuse
[2m2018-03-26 00:59:53.234[0;39m [32m INFO[0;39m [35m78[0;39m [2m---[0;39m [2m[  restartedMain][0;39m [36mo.f.c.i.dbsupport.DbSupportFactory      [0;39m [2m:[0;39m Database: jdbc:postgresql://postgresdev:5432/pgdev (PostgreSQL 10.3)
[2m2018-03-26 00:59:53.614[0;39m [32m INFO[0;39m [35m78[0;39m [2m---[0;39m [2m[  restartedMain][0;39m [36mo.f.core.internal.command.DbValidate    [0;39m [2m:[0;39m Validated 1 migration (execution time 00:00.105s)
[2m2018-03-26 00:59:53.674[0;39m [32m INFO[0;39m [35m78[0;39m [2m---[0;39m [2m[  restartedMain][0;39m [36mo.f.core.internal.command.DbMigrate     [0;39m [2m:[0;39m Current version of schema "public": << Empty Schema >>
[2m2018-03-26 00:59:53.675[0;39m [32m INFO[0;39m [35m78[0;39m [2m---[0;39m [2m[  restartedMain][0;39m [36mo.f.core.internal.command.DbMigrate     [0;39m [2m:[0;39m Migrating schema "public" to version 1 - Create users table
[2m2018-03-26 00:59:53.844[0;39m [32m INFO[0;39m [35m78[0;39m [2m---[0;39m [2m[  restartedMain][0;39m [36mo.f.core.internal.command.DbMigrate     [0;39m [2m:[0;39m Successfully applied 1 migration to schema "public" (execution time 00:00.183s).
[2m2018-03-26 00:59:53.859[0;39m [32m INFO[0;39m [35m78[0;39m [2m---[0;39m [2m[  restartedMain][0;39m [36mo.f.c.i.c.SqlScriptFlywayCallback       [0;39m [2m:[0;39m Executing SQL callback: afterMigrate
[2m2018-03-26 00:59:55.098[0;39m [32m INFO[0;39m [35m78[0;39m [2m---[0;39m [2m[  restartedMain][0;39m [36mj.LocalContainerEntityManagerFactoryBean[0;39m [2m:[0;39m Building JPA container EntityManagerFactory for persistence unit 'default'
[2m2018-03-26 00:59:55.217[0;39m [32m INFO[0;39m [35m78[0;39m [2m---[0;39m [2m[  restartedMain][0;39m [36mo.hibernate.jpa.internal.util.LogHelper [0;39m [2m:[0;39m HHH000204: Processing PersistenceUnitInfo [
	name: default
	...]
[2m2018-03-26 00:59:56.453[0;39m [32m INFO[0;39m [35m78[0;39m [2m---[0;39m [2m[  restartedMain][0;39m [36morg.hibernate.Version                   [0;39m [2m:[0;39m HHH000412: Hibernate Core {5.0.12.Final}
[2m2018-03-26 00:59:56.463[0;39m [32m INFO[0;39m [35m78[0;39m [2m---[0;39m [2m[  restartedMain][0;39m [36morg.hibernate.cfg.Environment           [0;39m [2m:[0;39m HHH000206: hibernate.properties not found
[2m2018-03-26 00:59:56.471[0;39m [32m INFO[0;39m [35m78[0;39m [2m---[0;39m [2m[  restartedMain][0;39m [36morg.hibernate.cfg.Environment           [0;39m [2m:[0;39m HHH000021: Bytecode provider name : javassist
[2m2018-03-26 00:59:56.854[0;39m [32m INFO[0;39m [35m78[0;39m [2m---[0;39m [2m[  restartedMain][0;39m [36mo.hibernate.annotations.common.Version  [0;39m [2m:[0;39m HCANN000001: Hibernate Commons Annotations {5.0.1.Final}
[2m2018-03-26 00:59:58.042[0;39m [32m INFO[0;39m [35m78[0;39m [2m---[0;39m [2m[  restartedMain][0;39m [36morg.hibernate.dialect.Dialect           [0;39m [2m:[0;39m HHH000400: Using dialect: org.hibernate.dialect.PostgreSQLDialect
[2m2018-03-26 00:59:58.474[0;39m [32m INFO[0;39m [35m78[0;39m [2m---[0;39m [2m[  restartedMain][0;39m [36mo.h.e.j.e.i.LobCreatorBuilderImpl       [0;39m [2m:[0;39m HHH000424: Disabling contextual LOB creation as createClob() method threw error : java.lang.reflect.InvocationTargetException
[2m2018-03-26 00:59:58.500[0;39m [32m INFO[0;39m [35m78[0;39m [2m---[0;39m [2m[  restartedMain][0;39m [36morg.hibernate.type.BasicTypeRegistry    [0;39m [2m:[0;39m HHH000270: Type registration [java.util.UUID] overrides previous : org.hibernate.type.UUIDBinaryType@f74b592
[2m2018-03-26 01:00:01.344[0;39m [32m INFO[0;39m [35m78[0;39m [2m---[0;39m [2m[  restartedMain][0;39m [36mj.LocalContainerEntityManagerFactoryBean[0;39m [2m:[0;39m Initialized JPA EntityManagerFactory for persistence unit 'default'
[2m2018-03-26 01:00:04.362[0;39m [33m WARN[0;39m [35m78[0;39m [2m---[0;39m [2m[  restartedMain][0;39m [36mc.n.c.sources.URLConfigurationSource    [0;39m [2m:[0;39m No URLs will be polled as dynamic configuration sources.
[2m2018-03-26 01:00:04.365[0;39m [32m INFO[0;39m [35m78[0;39m [2m---[0;39m [2m[  restartedMain][0;39m [36mc.n.c.sources.URLConfigurationSource    [0;39m [2m:[0;39m To enable URLs as dynamic configuration sources, define System property archaius.configurationSource.additionalUrls or make config.properties available on classpath.
[2m2018-03-26 01:00:04.422[0;39m [33m WARN[0;39m [35m78[0;39m [2m---[0;39m [2m[  restartedMain][0;39m [36mc.n.c.sources.URLConfigurationSource    [0;39m [2m:[0;39m No URLs will be polled as dynamic configuration sources.
[2m2018-03-26 01:00:04.423[0;39m [32m INFO[0;39m [35m78[0;39m [2m---[0;39m [2m[  restartedMain][0;39m [36mc.n.c.sources.URLConfigurationSource    [0;39m [2m:[0;39m To enable URLs as dynamic configuration sources, define System property archaius.configurationSource.additionalUrls or make config.properties available on classpath.
[2m2018-03-26 01:00:05.886[0;39m [32m INFO[0;39m [35m78[0;39m [2m---[0;39m [2m[  restartedMain][0;39m [36ms.w.s.m.m.a.RequestMappingHandlerAdapter[0;39m [2m:[0;39m Looking for @ControllerAdvice: org.springframework.boot.context.embedded.AnnotationConfigEmbeddedWebApplicationContext@5828dcfc: startup date [Mon Mar 26 00:59:26 GMT 2018]; parent: org.springframework.context.annotation.AnnotationConfigApplicationContext@4ba3c96c
[2m2018-03-26 01:00:06.399[0;39m [32m INFO[0;39m [35m78[0;39m [2m---[0;39m [2m[  restartedMain][0;39m [36ms.w.s.m.m.a.RequestMappingHandlerMapping[0;39m [2m:[0;39m Mapped "{[/]}" onto public java.lang.String com.example.usersapi.UsersApiApplication.home()
[2m2018-03-26 01:00:06.419[0;39m [32m INFO[0;39m [35m78[0;39m [2m---[0;39m [2m[  restartedMain][0;39m [36ms.w.s.m.m.a.RequestMappingHandlerMapping[0;39m [2m:[0;39m Mapped "{[/users],methods=[GET]}" onto public java.lang.Iterable<com.example.usersapi.models.User> com.example.usersapi.controllers.UsersController.findAllUsers()
[2m2018-03-26 01:00:06.428[0;39m [32m INFO[0;39m [35m78[0;39m [2m---[0;39m [2m[  restartedMain][0;39m [36ms.w.s.m.m.a.RequestMappingHandlerMapping[0;39m [2m:[0;39m Mapped "{[/users/{userId}],methods=[GET]}" onto public com.example.usersapi.models.User com.example.usersapi.controllers.UsersController.findUserById(java.lang.Long)
[2m2018-03-26 01:00:06.439[0;39m [32m INFO[0;39m [35m78[0;39m [2m---[0;39m [2m[  restartedMain][0;39m [36ms.w.s.m.m.a.RequestMappingHandlerMapping[0;39m [2m:[0;39m Mapped "{[/error],produces=[text/html]}" onto public org.springframework.web.servlet.ModelAndView org.springframework.boot.autoconfigure.web.BasicErrorController.errorHtml(javax.servlet.http.HttpServletRequest,javax.servlet.http.HttpServletResponse)
[2m2018-03-26 01:00:06.445[0;39m [32m INFO[0;39m [35m78[0;39m [2m---[0;39m [2m[  restartedMain][0;39m [36ms.w.s.m.m.a.RequestMappingHandlerMapping[0;39m [2m:[0;39m Mapped "{[/error]}" onto public org.springframework.http.ResponseEntity<java.util.Map<java.lang.String, java.lang.Object>> org.springframework.boot.autoconfigure.web.BasicErrorController.error(javax.servlet.http.HttpServletRequest)
[2m2018-03-26 01:00:06.861[0;39m [32m INFO[0;39m [35m78[0;39m [2m---[0;39m [2m[  restartedMain][0;39m [36mo.s.w.s.handler.SimpleUrlHandlerMapping [0;39m [2m:[0;39m Mapped URL path [/webjars/**] onto handler of type [class org.springframework.web.servlet.resource.ResourceHttpRequestHandler]
[2m2018-03-26 01:00:06.861[0;39m [32m INFO[0;39m [35m78[0;39m [2m---[0;39m [2m[  restartedMain][0;39m [36mo.s.w.s.handler.SimpleUrlHandlerMapping [0;39m [2m:[0;39m Mapped URL path [/**] onto handler of type [class org.springframework.web.servlet.resource.ResourceHttpRequestHandler]
[2m2018-03-26 01:00:07.172[0;39m [32m INFO[0;39m [35m78[0;39m [2m---[0;39m [2m[  restartedMain][0;39m [36mo.s.w.s.handler.SimpleUrlHandlerMapping [0;39m [2m:[0;39m Mapped URL path [/**/favicon.ico] onto handler of type [class org.springframework.web.servlet.resource.ResourceHttpRequestHandler]
[2m2018-03-26 01:00:10.870[0;39m [32m INFO[0;39m [35m78[0;39m [2m---[0;39m [2m[  restartedMain][0;39m [36mo.s.b.d.a.OptionalLiveReloadServer      [0;39m [2m:[0;39m LiveReload server is running on port 35729
[2m2018-03-26 01:00:11.840[0;39m [33m WARN[0;39m [35m78[0;39m [2m---[0;39m [2m[  restartedMain][0;39m [36marterDeprecationWarningAutoConfiguration[0;39m [2m:[0;39m spring-cloud-starter-eureka is deprecated as of Spring Cloud Netflix 1.4.0, please migrate to spring-cloud-starter-netflix-eureka
[2m2018-03-26 01:00:11.903[0;39m [32m INFO[0;39m [35m78[0;39m [2m---[0;39m [2m[  restartedMain][0;39m [36mo.s.j.e.a.AnnotationMBeanExporter       [0;39m [2m:[0;39m Registering beans for JMX exposure on startup
[2m2018-03-26 01:00:11.941[0;39m [32m INFO[0;39m [35m78[0;39m [2m---[0;39m [2m[  restartedMain][0;39m [36mo.s.j.e.a.AnnotationMBeanExporter       [0;39m [2m:[0;39m Bean with name 'environmentManager' has been autodetected for JMX exposure
[2m2018-03-26 01:00:11.943[0;39m [32m INFO[0;39m [35m78[0;39m [2m---[0;39m [2m[  restartedMain][0;39m [36mo.s.j.e.a.AnnotationMBeanExporter       [0;39m [2m:[0;39m Bean with name 'configurationPropertiesRebinder' has been autodetected for JMX exposure
[2m2018-03-26 01:00:11.952[0;39m [32m INFO[0;39m [35m78[0;39m [2m---[0;39m [2m[  restartedMain][0;39m [36mo.s.j.e.a.AnnotationMBeanExporter       [0;39m [2m:[0;39m Bean with name 'refreshScope' has been autodetected for JMX exposure
[2m2018-03-26 01:00:11.962[0;39m [32m INFO[0;39m [35m78[0;39m [2m---[0;39m [2m[  restartedMain][0;39m [36mo.s.j.e.a.AnnotationMBeanExporter       [0;39m [2m:[0;39m Located managed bean 'environmentManager': registering with JMX server as MBean [org.springframework.cloud.context.environment:name=environmentManager,type=EnvironmentManager]
[2m2018-03-26 01:00:12.001[0;39m [32m INFO[0;39m [35m78[0;39m [2m---[0;39m [2m[  restartedMain][0;39m [36mo.s.j.e.a.AnnotationMBeanExporter       [0;39m [2m:[0;39m Located managed bean 'refreshScope': registering with JMX server as MBean [org.springframework.cloud.context.scope.refresh:name=refreshScope,type=RefreshScope]
[2m2018-03-26 01:00:12.052[0;39m [32m INFO[0;39m [35m78[0;39m [2m---[0;39m [2m[  restartedMain][0;39m [36mo.s.j.e.a.AnnotationMBeanExporter       [0;39m [2m:[0;39m Located managed bean 'configurationPropertiesRebinder': registering with JMX server as MBean [org.springframework.cloud.context.properties:name=configurationPropertiesRebinder,context=5828dcfc,type=ConfigurationPropertiesRebinder]
[2m2018-03-26 01:00:12.248[0;39m [32m INFO[0;39m [35m78[0;39m [2m---[0;39m [2m[  restartedMain][0;39m [36mo.s.c.support.DefaultLifecycleProcessor [0;39m [2m:[0;39m Starting beans in phase 0
[2m2018-03-26 01:00:12.271[0;39m [32m INFO[0;39m [35m78[0;39m [2m---[0;39m [2m[  restartedMain][0;39m [36mo.s.c.n.eureka.InstanceInfoFactory      [0;39m [2m:[0;39m Setting initial instance status as: STARTING
[2m2018-03-26 01:00:12.547[0;39m [32m INFO[0;39m [35m78[0;39m [2m---[0;39m [2m[  restartedMain][0;39m [36mcom.netflix.discovery.DiscoveryClient   [0;39m [2m:[0;39m Initializing Eureka in region us-east-1
[2m2018-03-26 01:00:13.139[0;39m [32m INFO[0;39m [35m78[0;39m [2m---[0;39m [2m[  restartedMain][0;39m [36mc.n.d.provider.DiscoveryJerseyProvider  [0;39m [2m:[0;39m Using JSON encoding codec LegacyJacksonJson
[2m2018-03-26 01:00:13.140[0;39m [32m INFO[0;39m [35m78[0;39m [2m---[0;39m [2m[  restartedMain][0;39m [36mc.n.d.provider.DiscoveryJerseyProvider  [0;39m [2m:[0;39m Using JSON decoding codec LegacyJacksonJson
[2m2018-03-26 01:00:13.591[0;39m [32m INFO[0;39m [35m78[0;39m [2m---[0;39m [2m[  restartedMain][0;39m [36mc.n.d.provider.DiscoveryJerseyProvider  [0;39m [2m:[0;39m Using XML encoding codec XStreamXml
[2m2018-03-26 01:00:13.591[0;39m [32m INFO[0;39m [35m78[0;39m [2m---[0;39m [2m[  restartedMain][0;39m [36mc.n.d.provider.DiscoveryJerseyProvider  [0;39m [2m:[0;39m Using XML decoding codec XStreamXml
[2m2018-03-26 01:00:14.219[0;39m [32m INFO[0;39m [35m78[0;39m [2m---[0;39m [2m[  restartedMain][0;39m [36mc.n.d.s.r.aws.ConfigClusterResolver     [0;39m [2m:[0;39m Resolving eureka endpoints via configuration
[2m2018-03-26 01:00:14.322[0;39m [32m INFO[0;39m [35m78[0;39m [2m---[0;39m [2m[  restartedMain][0;39m [36mcom.netflix.discovery.DiscoveryClient   [0;39m [2m:[0;39m Disable delta property : false
[2m2018-03-26 01:00:14.322[0;39m [32m INFO[0;39m [35m78[0;39m [2m---[0;39m [2m[  restartedMain][0;39m [36mcom.netflix.discovery.DiscoveryClient   [0;39m [2m:[0;39m Single vip registry refresh property : null
[2m2018-03-26 01:00:14.322[0;39m [32m INFO[0;39m [35m78[0;39m [2m---[0;39m [2m[  restartedMain][0;39m [36mcom.netflix.discovery.DiscoveryClient   [0;39m [2m:[0;39m Force full registry fetch : false
[2m2018-03-26 01:00:14.322[0;39m [32m INFO[0;39m [35m78[0;39m [2m---[0;39m [2m[  restartedMain][0;39m [36mcom.netflix.discovery.DiscoveryClient   [0;39m [2m:[0;39m Application is null : false
[2m2018-03-26 01:00:14.322[0;39m [32m INFO[0;39m [35m78[0;39m [2m---[0;39m [2m[  restartedMain][0;39m [36mcom.netflix.discovery.DiscoveryClient   [0;39m [2m:[0;39m Registered Applications size is zero : true
[2m2018-03-26 01:00:14.322[0;39m [32m INFO[0;39m [35m78[0;39m [2m---[0;39m [2m[  restartedMain][0;39m [36mcom.netflix.discovery.DiscoveryClient   [0;39m [2m:[0;39m Application version is -1: true
[2m2018-03-26 01:00:14.322[0;39m [32m INFO[0;39m [35m78[0;39m [2m---[0;39m [2m[  restartedMain][0;39m [36mcom.netflix.discovery.DiscoveryClient   [0;39m [2m:[0;39m Getting all instance registry info from the eureka server
[2m2018-03-26 01:00:14.874[0;39m [32m INFO[0;39m [35m78[0;39m [2m---[0;39m [2m[  restartedMain][0;39m [36mcom.netflix.discovery.DiscoveryClient   [0;39m [2m:[0;39m The response status is 200
[2m2018-03-26 01:00:14.878[0;39m [32m INFO[0;39m [35m78[0;39m [2m---[0;39m [2m[  restartedMain][0;39m [36mcom.netflix.discovery.DiscoveryClient   [0;39m [2m:[0;39m Starting heartbeat executor: renew interval is: 30
[2m2018-03-26 01:00:14.891[0;39m [32m INFO[0;39m [35m78[0;39m [2m---[0;39m [2m[  restartedMain][0;39m [36mc.n.discovery.InstanceInfoReplicator    [0;39m [2m:[0;39m InstanceInfoReplicator onDemand update allowed rate per min is 4
[2m2018-03-26 01:00:14.903[0;39m [32m INFO[0;39m [35m78[0;39m [2m---[0;39m [2m[  restartedMain][0;39m [36mcom.netflix.discovery.DiscoveryClient   [0;39m [2m:[0;39m Discovery Client initialized at timestamp 1522026014902 with initial instances count: 0
[2m2018-03-26 01:00:14.930[0;39m [32m INFO[0;39m [35m78[0;39m [2m---[0;39m [2m[  restartedMain][0;39m [36mo.s.c.n.e.s.EurekaServiceRegistry       [0;39m [2m:[0;39m Registering application users-api with eureka with status UP
[2m2018-03-26 01:00:14.934[0;39m [32m INFO[0;39m [35m78[0;39m [2m---[0;39m [2m[  restartedMain][0;39m [36mcom.netflix.discovery.DiscoveryClient   [0;39m [2m:[0;39m Saw local status change event StatusChangeEvent [timestamp=1522026014934, current=UP, previous=STARTING]
[2m2018-03-26 01:00:14.938[0;39m [32m INFO[0;39m [35m78[0;39m [2m---[0;39m [2m[nfoReplicator-0][0;39m [36mcom.netflix.discovery.DiscoveryClient   [0;39m [2m:[0;39m DiscoveryClient_USERS-API/f1b7786dac3f:users-api:8081: registering service...
[2m2018-03-26 01:00:15.176[0;39m [32m INFO[0;39m [35m78[0;39m [2m---[0;39m [2m[  restartedMain][0;39m [36ms.b.c.e.t.TomcatEmbeddedServletContainer[0;39m [2m:[0;39m Tomcat started on port(s): 8081 (http)
[2m2018-03-26 01:00:15.177[0;39m [32m INFO[0;39m [35m78[0;39m [2m---[0;39m [2m[  restartedMain][0;39m [36m.s.c.n.e.s.EurekaAutoServiceRegistration[0;39m [2m:[0;39m Updating port to 8081
[2m2018-03-26 01:00:15.187[0;39m [32m INFO[0;39m [35m78[0;39m [2m---[0;39m [2m[  restartedMain][0;39m [36mc.example.usersapi.UsersApiApplication  [0;39m [2m:[0;39m Started UsersApiApplication in 58.092 seconds (JVM running for 63.444)
[2m2018-03-26 01:00:15.281[0;39m [32m INFO[0;39m [35m78[0;39m [2m---[0;39m [2m[nfoReplicator-0][0;39m [36mcom.netflix.discovery.DiscoveryClient   [0;39m [2m:[0;39m DiscoveryClient_USERS-API/f1b7786dac3f:users-api:8081 - registration status: 204
[2m2018-03-26 01:00:44.879[0;39m [32m INFO[0;39m [35m78[0;39m [2m---[0;39m [2m[freshExecutor-0][0;39m [36mcom.netflix.discovery.DiscoveryClient   [0;39m [2m:[0;39m Disable delta property : false
[2m2018-03-26 01:00:44.879[0;39m [32m INFO[0;39m [35m78[0;39m [2m---[0;39m [2m[freshExecutor-0][0;39m [36mcom.netflix.discovery.DiscoveryClient   [0;39m [2m:[0;39m Single vip registry refresh property : null
[2m2018-03-26 01:00:44.879[0;39m [32m INFO[0;39m [35m78[0;39m [2m---[0;39m [2m[freshExecutor-0][0;39m [36mcom.netflix.discovery.DiscoveryClient   [0;39m [2m:[0;39m Force full registry fetch : false
[2m2018-03-26 01:00:44.879[0;39m [32m INFO[0;39m [35m78[0;39m [2m---[0;39m [2m[freshExecutor-0][0;39m [36mcom.netflix.discovery.DiscoveryClient   [0;39m [2m:[0;39m Application is null : false
[2m2018-03-26 01:00:44.879[0;39m [32m INFO[0;39m [35m78[0;39m [2m---[0;39m [2m[freshExecutor-0][0;39m [36mcom.netflix.discovery.DiscoveryClient   [0;39m [2m:[0;39m Registered Applications size is zero : true
[2m2018-03-26 01:00:44.879[0;39m [32m INFO[0;39m [35m78[0;39m [2m---[0;39m [2m[freshExecutor-0][0;39m [36mcom.netflix.discovery.DiscoveryClient   [0;39m [2m:[0;39m Application version is -1: false
[2m2018-03-26 01:00:44.879[0;39m [32m INFO[0;39m [35m78[0;39m [2m---[0;39m [2m[freshExecutor-0][0;39m [36mcom.netflix.discovery.DiscoveryClient   [0;39m [2m:[0;39m Getting all instance registry info from the eureka server
[2m2018-03-26 01:00:44.985[0;39m [32m INFO[0;39m [35m78[0;39m [2m---[0;39m [2m[freshExecutor-0][0;39m [36mcom.netflix.discovery.DiscoveryClient   [0;39m [2m:[0;39m The response status is 200
[2m2018-03-26 01:05:14.328[0;39m [32m INFO[0;39m [35m78[0;39m [2m---[0;39m [2m[trap-executor-0][0;39m [36mc.n.d.s.r.aws.ConfigClusterResolver     [0;39m [2m:[0;39m Resolving eureka endpoints via configuration
[2m2018-03-26 01:10:14.330[0;39m [32m INFO[0;39m [35m78[0;39m [2m---[0;39m [2m[trap-executor-0][0;39m [36mc.n.d.s.r.aws.ConfigClusterResolver     [0;39m [2m:[0;39m Resolving eureka endpoints via configuration
[2m2018-03-26 01:15:14.331[0;39m [32m INFO[0;39m [35m78[0;39m [2m---[0;39m [2m[trap-executor-0][0;39m [36mc.n.d.s.r.aws.ConfigClusterResolver     [0;39m [2m:[0;39m Resolving eureka endpoints via configuration
[2m2018-03-26 01:20:14.333[0;39m [32m INFO[0;39m [35m78[0;39m [2m---[0;39m [2m[trap-executor-0][0;39m [36mc.n.d.s.r.aws.ConfigClusterResolver     [0;39m [2m:[0;39m Resolving eureka endpoints via configuration
[2m2018-03-26 01:25:14.336[0;39m [32m INFO[0;39m [35m78[0;39m [2m---[0;39m [2m[trap-executor-0][0;39m [36mc.n.d.s.r.aws.ConfigClusterResolver     [0;39m [2m:[0;39m Resolving eureka endpoints via configuration
[2m2018-03-26 01:30:14.338[0;39m [32m INFO[0;39m [35m78[0;39m [2m---[0;39m [2m[trap-executor-0][0;39m [36mc.n.d.s.r.aws.ConfigClusterResolver     [0;39m [2m:[0;39m Resolving eureka endpoints via configuration
thread 15: client disconnection detected, canceling the build
