07:04:25.266 [DEBUG] [org.gradle.launcher.daemon.bootstrap.DaemonMain] Assuming the daemon was started with following jvm opts: [-XX:+HeapDumpOnOutOfMemoryError, -Xmx1024m, -Dfile.encoding=UTF-8, -Duser.country, -Duser.language=en, -Duser.variant]
07:04:25.848 [INFO] [org.gradle.launcher.daemon.server.Daemon] start() called on daemon - DefaultDaemonContext[uid=3ff8c622-fad5-48c2-bdf5-5e78f2d26110,javaHome=/opt/jdk1.8.0_162,daemonRegistryDir=/app/cache/daemon,pid=32,idleTimeout=10800000,daemonOpts=-XX:+HeapDumpOnOutOfMemoryError,-Xmx1024m,-Dfile.encoding=UTF-8,-Duser.country,-Duser.language=en,-Duser.variant]
07:04:25.922 [DEBUG] [org.gradle.internal.remote.internal.inet.InetAddresses] Adding IP addresses for network interface eth0
07:04:25.931 [DEBUG] [org.gradle.internal.remote.internal.inet.InetAddresses] Is this a loopback interface? false
07:04:25.942 [DEBUG] [org.gradle.internal.remote.internal.inet.InetAddresses] Is this a multicast interface? true
07:04:25.946 [DEBUG] [org.gradle.internal.remote.internal.inet.InetAddresses] Adding remote address /172.19.0.6
07:04:25.950 [DEBUG] [org.gradle.internal.remote.internal.inet.InetAddresses] Adding remote multicast interface eth0
07:04:25.954 [DEBUG] [org.gradle.internal.remote.internal.inet.InetAddresses] Adding IP addresses for network interface lo
07:04:25.958 [DEBUG] [org.gradle.internal.remote.internal.inet.InetAddresses] Is this a loopback interface? true
07:04:25.962 [DEBUG] [org.gradle.internal.remote.internal.inet.InetAddresses] Is this a multicast interface? false
07:04:25.967 [DEBUG] [org.gradle.internal.remote.internal.inet.InetAddresses] Adding loopback address /127.0.0.1
07:04:25.978 [DEBUG] [org.gradle.internal.remote.internal.inet.TcpIncomingConnector] Listening on [925ef148-04ae-4733-84fe-408e3c83c94f port:34989, addresses:[/127.0.0.1]].
07:04:26.019 [DEBUG] [org.gradle.launcher.daemon.server.Daemon] Daemon starting at: Mon Mar 26 07:04:26 GMT 2018, with address: [925ef148-04ae-4733-84fe-408e3c83c94f port:34989, addresses:[/127.0.0.1]]
07:04:26.066 [INFO] [org.gradle.launcher.daemon.server.DaemonRegistryUpdater] Advertising the daemon address to the clients: [925ef148-04ae-4733-84fe-408e3c83c94f port:34989, addresses:[/127.0.0.1]]
07:04:26.079 [DEBUG] [org.gradle.launcher.daemon.server.DaemonRegistryUpdater] Advertised daemon context: DefaultDaemonContext[uid=3ff8c622-fad5-48c2-bdf5-5e78f2d26110,javaHome=/opt/jdk1.8.0_162,daemonRegistryDir=/app/cache/daemon,pid=32,idleTimeout=10800000,daemonOpts=-XX:+HeapDumpOnOutOfMemoryError,-Xmx1024m,-Dfile.encoding=UTF-8,-Duser.country,-Duser.language=en,-Duser.variant]
07:04:26.084 [DEBUG] [org.gradle.launcher.daemon.registry.PersistentDaemonRegistry] Storing daemon address: [925ef148-04ae-4733-84fe-408e3c83c94f port:34989, addresses:[/127.0.0.1]], context: DefaultDaemonContext[uid=3ff8c622-fad5-48c2-bdf5-5e78f2d26110,javaHome=/opt/jdk1.8.0_162,daemonRegistryDir=/app/cache/daemon,pid=32,idleTimeout=10800000,daemonOpts=-XX:+HeapDumpOnOutOfMemoryError,-Xmx1024m,-Dfile.encoding=UTF-8,-Duser.country,-Duser.language=en,-Duser.variant]
07:04:26.131 [DEBUG] [org.gradle.cache.internal.DefaultFileLockManager] Waiting to acquire exclusive lock on daemon addresses registry.
07:04:26.147 [DEBUG] [org.gradle.cache.internal.DefaultFileLockManager] Lock acquired on daemon addresses registry.
07:04:26.193 [DEBUG] [org.gradle.cache.internal.DefaultFileLockManager] Releasing lock on daemon addresses registry.
07:04:26.201 [LIFECYCLE] [org.gradle.launcher.daemon.server.Daemon] Daemon server started.
07:04:26.240 [DEBUG] [org.gradle.launcher.daemon.bootstrap.DaemonStartupCommunication] Completed writing the daemon greeting. Closing streams...
07:04:26.287 [DEBUG] [org.gradle.launcher.daemon.server.Daemon] stopOnExpiration() called on daemon
07:04:26.299 [DEBUG] [org.gradle.launcher.daemon.server.Daemon] awaitExpiration() called on daemon
07:04:26.307 [DEBUG] [org.gradle.launcher.daemon.server.DaemonStateCoordinator] daemon is running. Sleeping until state changes.
07:04:26.315 [DEBUG] [org.gradle.internal.remote.internal.inet.TcpIncomingConnector] Accepted connection from /127.0.0.1:60796 to /127.0.0.1:34989.
07:04:26.913 [DEBUG] [org.gradle.launcher.daemon.server.SynchronizedDispatchConnection] thread 15: received class org.gradle.launcher.daemon.protocol.Build
07:04:26.938 [DEBUG] [org.gradle.launcher.daemon.server.DefaultDaemonConnection] thread 15: Received non-IO message from client: Build{id=89b06159-63c9-434a-916a-a1471e066514.1, currentDir=/app}
07:04:26.947 [INFO] [org.gradle.launcher.daemon.server.DefaultIncomingConnectionHandler] Received command: Build{id=89b06159-63c9-434a-916a-a1471e066514.1, currentDir=/app}.
07:04:26.954 [DEBUG] [org.gradle.launcher.daemon.server.DefaultIncomingConnectionHandler] Starting executing command: Build{id=89b06159-63c9-434a-916a-a1471e066514.1, currentDir=/app} with connection: socket connection from /127.0.0.1:34989 to /127.0.0.1:60796.
07:04:27.062 [ERROR] [org.gradle.launcher.daemon.server.DaemonStateCoordinator] Command execution: started DaemonCommandExecution[command = Build{id=89b06159-63c9-434a-916a-a1471e066514.1, currentDir=/app}, connection = DefaultDaemonConnection: socket connection from /127.0.0.1:34989 to /127.0.0.1:60796] after 0.0 minutes of idle
07:04:27.082 [INFO] [org.gradle.launcher.daemon.server.DaemonRegistryUpdater] Marking the daemon as busy, address: [925ef148-04ae-4733-84fe-408e3c83c94f port:34989, addresses:[/127.0.0.1]]
07:04:27.086 [DEBUG] [org.gradle.launcher.daemon.registry.PersistentDaemonRegistry] Marking busy by address: [925ef148-04ae-4733-84fe-408e3c83c94f port:34989, addresses:[/127.0.0.1]]
07:04:27.101 [DEBUG] [org.gradle.cache.internal.DefaultFileLockManager] Waiting to acquire exclusive lock on daemon addresses registry.
07:04:27.134 [DEBUG] [org.gradle.cache.internal.DefaultFileLockManager] Lock acquired on daemon addresses registry.
07:04:27.154 [DEBUG] [org.gradle.cache.internal.DefaultFileLockManager] Releasing lock on daemon addresses registry.
07:04:27.163 [DEBUG] [org.gradle.launcher.daemon.server.DaemonStateCoordinator] resetting idle timer
07:04:27.168 [DEBUG] [org.gradle.launcher.daemon.server.DaemonStateCoordinator] daemon is running. Sleeping until state changes.
07:04:27.170 [INFO] [org.gradle.launcher.daemon.server.exec.StartBuildOrRespondWithBusy] Daemon is about to start building Build{id=89b06159-63c9-434a-916a-a1471e066514.1, currentDir=/app}. Dispatching build started information...
07:04:27.176 [DEBUG] [org.gradle.launcher.daemon.server.SynchronizedDispatchConnection] thread 17: dispatching class org.gradle.launcher.daemon.protocol.BuildStarted
07:04:27.211 [DEBUG] [org.gradle.launcher.daemon.server.exec.EstablishBuildEnvironment] Configuring env variables: {PATH=/usr/local/sbin:/usr/local/bin:/usr/sbin:/usr/bin:/sbin:/bin:/opt/jdk/bin, JAVA_JCE=unlimited, SPRING_PROFILES_ACTIVE=dev, JAVA_HOME=/opt/jdk, OLDPWD=/app, GLIBC_VERSION=2.27-r0, LANG=C.UTF-8, JAVA_VERSION_MAJOR=8, GRADLE_USER_HOME=cache, HOSTNAME=864fc7b08baa, GLIBC_REPO=https://github.com/sgerrand/alpine-pkg-glibc, JAVA_VERSION_MINOR=162, PWD=/app, JAVA_PACKAGE=jdk, JAVA_VERSION_BUILD=12, HOME=/root, SHLVL=1}
07:04:27.237 [DEBUG] [org.gradle.launcher.daemon.server.SynchronizedDispatchConnection] thread 15: received class org.gradle.launcher.daemon.protocol.CloseInput
07:04:27.252 [DEBUG] [org.gradle.launcher.daemon.server.DefaultDaemonConnection] thread 15: Received IO message from client: org.gradle.launcher.daemon.protocol.CloseInput@94a1e96
07:04:27.295 [DEBUG] [org.gradle.launcher.daemon.server.exec.LogToClient] About to start relaying all logs to the client via the connection.
07:04:27.302 [INFO] [org.gradle.launcher.daemon.server.exec.LogToClient] The client will now receive all logging from the daemon (pid: 32). The daemon log file: /app/cache/daemon/4.5.1/daemon-32.out.log
07:04:27.316 [INFO] [org.gradle.launcher.daemon.server.exec.LogAndCheckHealth] Starting build in new daemon [memory: 954.7 MB]
07:04:27.330 [INFO] [org.gradle.launcher.daemon.server.exec.ForwardClientInput] Closing daemon's stdin at end of input.
07:04:27.336 [INFO] [org.gradle.launcher.daemon.server.exec.ForwardClientInput] The daemon will no longer process any standard input.
07:04:27.369 [DEBUG] [org.gradle.launcher.daemon.server.exec.ExecuteBuild] The daemon has started executing the build.
07:04:27.387 [DEBUG] [org.gradle.launcher.daemon.server.exec.ExecuteBuild] Executing build with daemon context: DefaultDaemonContext[uid=3ff8c622-fad5-48c2-bdf5-5e78f2d26110,javaHome=/opt/jdk1.8.0_162,daemonRegistryDir=/app/cache/daemon,pid=32,idleTimeout=10800000,daemonOpts=-XX:+HeapDumpOnOutOfMemoryError,-Xmx1024m,-Dfile.encoding=UTF-8,-Duser.country,-Duser.language=en,-Duser.variant]
:compileJava
:processResources UP-TO-DATE
:classes
:bootRun
07:05:29.382 [main] DEBUG org.springframework.boot.devtools.settings.DevToolsSettings - Included patterns for restart : []
07:05:29.396 [main] DEBUG org.springframework.boot.devtools.settings.DevToolsSettings - Excluded patterns for restart : [/spring-boot-starter/target/classes/, /spring-boot-autoconfigure/target/classes/, /spring-boot-starter-[\w-]+/, /spring-boot/target/classes/, /spring-boot-actuator/target/classes/, /spring-boot-devtools/target/classes/]
07:05:29.397 [main] DEBUG org.springframework.boot.devtools.restart.ChangeableUrls - Matching URLs for reloading : [file:/app/build/classes/java/main/, file:/app/build/resources/main/]
2018-03-26 07:05:33.811  INFO 77 --- [  restartedMain] s.c.a.AnnotationConfigApplicationContext : Refreshing org.springframework.context.annotation.AnnotationConfigApplicationContext@7a90dad2: startup date [Mon Mar 26 07:05:33 GMT 2018]; root of context hierarchy
2018-03-26 07:05:36.302  INFO 77 --- [  restartedMain] f.a.AutowiredAnnotationBeanPostProcessor : JSR-330 'javax.inject.Inject' annotation found and supported for autowiring
2018-03-26 07:05:36.727  INFO 77 --- [  restartedMain] trationDelegate$BeanPostProcessorChecker : Bean 'configurationPropertiesRebinderAutoConfiguration' of type [org.springframework.cloud.autoconfigure.ConfigurationPropertiesRebinderAutoConfiguration$$EnhancerBySpringCGLIB$$d4fd1446] is not eligible for getting processed by all BeanPostProcessors (for example: not eligible for auto-proxying)

  .   ____          _            __ _ _
 /\\ / ___'_ __ _ _(_)_ __  __ _ \ \ \ \
( ( )\___ | '_ | '_| | '_ \/ _` | \ \ \ \
 \\/  ___)| |_)| | | | | || (_| |  ) ) ) )
  '  |____| .__|_| |_|_| |_\__, | / / / /
 =========|_|==============|___/=/_/_/_/
[32m :: Spring Boot :: [39m      [2m (v1.5.8.RELEASE)[0;39m

[2m2018-03-26 07:05:39.805[0;39m [32m INFO[0;39m [35m77[0;39m [2m---[0;39m [2m[  restartedMain][0;39m [36mc.example.postsapi.PostsApiApplication  [0;39m [2m:[0;39m The following profiles are active: dev
[2m2018-03-26 07:05:39.957[0;39m [32m INFO[0;39m [35m77[0;39m [2m---[0;39m [2m[  restartedMain][0;39m [36mationConfigEmbeddedWebApplicationContext[0;39m [2m:[0;39m Refreshing org.springframework.boot.context.embedded.AnnotationConfigEmbeddedWebApplicationContext@1668ccab: startup date [Mon Mar 26 07:05:39 GMT 2018]; parent: org.springframework.context.annotation.AnnotationConfigApplicationContext@7a90dad2
[2m2018-03-26 07:05:55.761[0;39m [32m INFO[0;39m [35m77[0;39m [2m---[0;39m [2m[  restartedMain][0;39m [36mo.s.cloud.context.scope.GenericScope    [0;39m [2m:[0;39m BeanFactory id=6f352f41-4c2c-3a9e-9f80-4a16790d6698
[2m2018-03-26 07:05:56.413[0;39m [32m INFO[0;39m [35m77[0;39m [2m---[0;39m [2m[  restartedMain][0;39m [36mf.a.AutowiredAnnotationBeanPostProcessor[0;39m [2m:[0;39m JSR-330 'javax.inject.Inject' annotation found and supported for autowiring
[2m2018-03-26 07:05:57.683[0;39m [32m INFO[0;39m [35m77[0;39m [2m---[0;39m [2m[  restartedMain][0;39m [36mtrationDelegate$BeanPostProcessorChecker[0;39m [2m:[0;39m Bean 'org.springframework.transaction.annotation.ProxyTransactionManagementConfiguration' of type [org.springframework.transaction.annotation.ProxyTransactionManagementConfiguration$$EnhancerBySpringCGLIB$$b8e31149] is not eligible for getting processed by all BeanPostProcessors (for example: not eligible for auto-proxying)
[2m2018-03-26 07:05:57.953[0;39m [32m INFO[0;39m [35m77[0;39m [2m---[0;39m [2m[  restartedMain][0;39m [36mtrationDelegate$BeanPostProcessorChecker[0;39m [2m:[0;39m Bean 'org.springframework.cloud.autoconfigure.ConfigurationPropertiesRebinderAutoConfiguration' of type [org.springframework.cloud.autoconfigure.ConfigurationPropertiesRebinderAutoConfiguration$$EnhancerBySpringCGLIB$$d4fd1446] is not eligible for getting processed by all BeanPostProcessors (for example: not eligible for auto-proxying)
[2m2018-03-26 07:06:01.211[0;39m [32m INFO[0;39m [35m77[0;39m [2m---[0;39m [2m[  restartedMain][0;39m [36ms.b.c.e.t.TomcatEmbeddedServletContainer[0;39m [2m:[0;39m Tomcat initialized with port(s): 8082 (http)
[2m2018-03-26 07:06:01.337[0;39m [32m INFO[0;39m [35m77[0;39m [2m---[0;39m [2m[  restartedMain][0;39m [36mo.apache.catalina.core.StandardService  [0;39m [2m:[0;39m Starting service [Tomcat]
[2m2018-03-26 07:06:01.351[0;39m [32m INFO[0;39m [35m77[0;39m [2m---[0;39m [2m[  restartedMain][0;39m [36morg.apache.catalina.core.StandardEngine [0;39m [2m:[0;39m Starting Servlet Engine: Apache Tomcat/8.5.23
[2m2018-03-26 07:06:02.848[0;39m [32m INFO[0;39m [35m77[0;39m [2m---[0;39m [2m[ost-startStop-1][0;39m [36mo.a.c.c.C.[Tomcat].[localhost].[/]      [0;39m [2m:[0;39m Initializing Spring embedded WebApplicationContext
[2m2018-03-26 07:06:02.850[0;39m [32m INFO[0;39m [35m77[0;39m [2m---[0;39m [2m[ost-startStop-1][0;39m [36mo.s.web.context.ContextLoader           [0;39m [2m:[0;39m Root WebApplicationContext: initialization completed in 22892 ms
[2m2018-03-26 07:06:04.203[0;39m [32m INFO[0;39m [35m77[0;39m [2m---[0;39m [2m[ost-startStop-1][0;39m [36mo.s.b.w.servlet.ServletRegistrationBean [0;39m [2m:[0;39m Mapping servlet: 'dispatcherServlet' to [/]
[2m2018-03-26 07:06:04.305[0;39m [32m INFO[0;39m [35m77[0;39m [2m---[0;39m [2m[ost-startStop-1][0;39m [36mo.s.b.w.servlet.FilterRegistrationBean  [0;39m [2m:[0;39m Mapping filter: 'characterEncodingFilter' to: [/*]
[2m2018-03-26 07:06:04.307[0;39m [32m INFO[0;39m [35m77[0;39m [2m---[0;39m [2m[ost-startStop-1][0;39m [36mo.s.b.w.servlet.FilterRegistrationBean  [0;39m [2m:[0;39m Mapping filter: 'hiddenHttpMethodFilter' to: [/*]
[2m2018-03-26 07:06:04.307[0;39m [32m INFO[0;39m [35m77[0;39m [2m---[0;39m [2m[ost-startStop-1][0;39m [36mo.s.b.w.servlet.FilterRegistrationBean  [0;39m [2m:[0;39m Mapping filter: 'httpPutFormContentFilter' to: [/*]
[2m2018-03-26 07:06:04.307[0;39m [32m INFO[0;39m [35m77[0;39m [2m---[0;39m [2m[ost-startStop-1][0;39m [36mo.s.b.w.servlet.FilterRegistrationBean  [0;39m [2m:[0;39m Mapping filter: 'requestContextFilter' to: [/*]
[2m2018-03-26 07:06:06.930[0;39m [32m INFO[0;39m [35m77[0;39m [2m---[0;39m [2m[  restartedMain][0;39m [36mo.f.core.internal.util.VersionPrinter   [0;39m [2m:[0;39m Flyway 3.2.1 by Boxfuse
[2m2018-03-26 07:06:07.597[0;39m [32m INFO[0;39m [35m77[0;39m [2m---[0;39m [2m[  restartedMain][0;39m [36mo.f.c.i.dbsupport.DbSupportFactory      [0;39m [2m:[0;39m Database: jdbc:postgresql://postgresdev:5432/pgdev (PostgreSQL 10.3)
[2m2018-03-26 07:06:08.206[0;39m [32m INFO[0;39m [35m77[0;39m [2m---[0;39m [2m[  restartedMain][0;39m [36mo.f.core.internal.command.DbValidate    [0;39m [2m:[0;39m Validated 1 migration (execution time 00:00.130s)
[2m2018-03-26 07:06:08.335[0;39m [32m INFO[0;39m [35m77[0;39m [2m---[0;39m [2m[  restartedMain][0;39m [36mo.f.core.internal.command.DbMigrate     [0;39m [2m:[0;39m Current version of schema "public": 1
[2m2018-03-26 07:06:08.335[0;39m [33m WARN[0;39m [35m77[0;39m [2m---[0;39m [2m[  restartedMain][0;39m [36mo.f.core.internal.command.DbMigrate     [0;39m [2m:[0;39m Schema "public" has version 1, but no migration could be resolved in the configured locations !
[2m2018-03-26 07:06:08.338[0;39m [32m INFO[0;39m [35m77[0;39m [2m---[0;39m [2m[  restartedMain][0;39m [36mo.f.core.internal.command.DbMigrate     [0;39m [2m:[0;39m Schema "public" is up to date. No migration necessary.
[2m2018-03-26 07:06:09.784[0;39m [32m INFO[0;39m [35m77[0;39m [2m---[0;39m [2m[  restartedMain][0;39m [36mj.LocalContainerEntityManagerFactoryBean[0;39m [2m:[0;39m Building JPA container EntityManagerFactory for persistence unit 'default'
[2m2018-03-26 07:06:09.966[0;39m [32m INFO[0;39m [35m77[0;39m [2m---[0;39m [2m[  restartedMain][0;39m [36mo.hibernate.jpa.internal.util.LogHelper [0;39m [2m:[0;39m HHH000204: Processing PersistenceUnitInfo [
	name: default
	...]
[2m2018-03-26 07:06:11.123[0;39m [32m INFO[0;39m [35m77[0;39m [2m---[0;39m [2m[  restartedMain][0;39m [36morg.hibernate.Version                   [0;39m [2m:[0;39m HHH000412: Hibernate Core {5.0.12.Final}
[2m2018-03-26 07:06:11.132[0;39m [32m INFO[0;39m [35m77[0;39m [2m---[0;39m [2m[  restartedMain][0;39m [36morg.hibernate.cfg.Environment           [0;39m [2m:[0;39m HHH000206: hibernate.properties not found
[2m2018-03-26 07:06:11.144[0;39m [32m INFO[0;39m [35m77[0;39m [2m---[0;39m [2m[  restartedMain][0;39m [36morg.hibernate.cfg.Environment           [0;39m [2m:[0;39m HHH000021: Bytecode provider name : javassist
[2m2018-03-26 07:06:11.572[0;39m [32m INFO[0;39m [35m77[0;39m [2m---[0;39m [2m[  restartedMain][0;39m [36mo.hibernate.annotations.common.Version  [0;39m [2m:[0;39m HCANN000001: Hibernate Commons Annotations {5.0.1.Final}
[2m2018-03-26 07:06:12.622[0;39m [32m INFO[0;39m [35m77[0;39m [2m---[0;39m [2m[  restartedMain][0;39m [36morg.hibernate.dialect.Dialect           [0;39m [2m:[0;39m HHH000400: Using dialect: org.hibernate.dialect.PostgreSQLDialect
[2m2018-03-26 07:06:12.992[0;39m [32m INFO[0;39m [35m77[0;39m [2m---[0;39m [2m[  restartedMain][0;39m [36mo.h.e.j.e.i.LobCreatorBuilderImpl       [0;39m [2m:[0;39m HHH000424: Disabling contextual LOB creation as createClob() method threw error : java.lang.reflect.InvocationTargetException
[2m2018-03-26 07:06:13.007[0;39m [32m INFO[0;39m [35m77[0;39m [2m---[0;39m [2m[  restartedMain][0;39m [36morg.hibernate.type.BasicTypeRegistry    [0;39m [2m:[0;39m HHH000270: Type registration [java.util.UUID] overrides previous : org.hibernate.type.UUIDBinaryType@67ec927e
[2m2018-03-26 07:06:14.764[0;39m [33m WARN[0;39m [35m77[0;39m [2m---[0;39m [2m[  restartedMain][0;39m [36mationConfigEmbeddedWebApplicationContext[0;39m [2m:[0;39m Exception encountered during context initialization - cancelling refresh attempt: org.springframework.beans.factory.BeanCreationException: Error creating bean with name 'entityManagerFactory' defined in class path resource [org/springframework/boot/autoconfigure/orm/jpa/HibernateJpaAutoConfiguration.class]: Invocation of init method failed; nested exception is javax.persistence.PersistenceException: [PersistenceUnit: default] Unable to build Hibernate SessionFactory
[2m2018-03-26 07:06:14.778[0;39m [32m INFO[0;39m [35m77[0;39m [2m---[0;39m [2m[  restartedMain][0;39m [36mo.apache.catalina.core.StandardService  [0;39m [2m:[0;39m Stopping service [Tomcat]
[2m2018-03-26 07:06:14.891[0;39m [32m INFO[0;39m [35m77[0;39m [2m---[0;39m [2m[  restartedMain][0;39m [36mutoConfigurationReportLoggingInitializer[0;39m [2m:[0;39m 

Error starting ApplicationContext. To display the auto-configuration report re-run your application with 'debug' enabled.
[2m2018-03-26 07:06:15.006[0;39m [31mERROR[0;39m [35m77[0;39m [2m---[0;39m [2m[  restartedMain][0;39m [36mo.s.boot.SpringApplication              [0;39m [2m:[0;39m Application startup failed

org.springframework.beans.factory.BeanCreationException: Error creating bean with name 'entityManagerFactory' defined in class path resource [org/springframework/boot/autoconfigure/orm/jpa/HibernateJpaAutoConfiguration.class]: Invocation of init method failed; nested exception is javax.persistence.PersistenceException: [PersistenceUnit: default] Unable to build Hibernate SessionFactory
	at org.springframework.beans.factory.support.AbstractAutowireCapableBeanFactory.initializeBean(AbstractAutowireCapableBeanFactory.java:1628) ~[spring-beans-4.3.12.RELEASE.jar:4.3.12.RELEASE]
	at org.springframework.beans.factory.support.AbstractAutowireCapableBeanFactory.doCreateBean(AbstractAutowireCapableBeanFactory.java:555) ~[spring-beans-4.3.12.RELEASE.jar:4.3.12.RELEASE]
	at org.springframework.beans.factory.support.AbstractAutowireCapableBeanFactory.createBean(AbstractAutowireCapableBeanFactory.java:483) ~[spring-beans-4.3.12.RELEASE.jar:4.3.12.RELEASE]
	at org.springframework.beans.factory.support.AbstractBeanFactory$1.getObject(AbstractBeanFactory.java:306) ~[spring-beans-4.3.12.RELEASE.jar:4.3.12.RELEASE]
	at org.springframework.beans.factory.support.DefaultSingletonBeanRegistry.getSingleton(DefaultSingletonBeanRegistry.java:230) ~[spring-beans-4.3.12.RELEASE.jar:4.3.12.RELEASE]
	at org.springframework.beans.factory.support.AbstractBeanFactory.doGetBean(AbstractBeanFactory.java:302) ~[spring-beans-4.3.12.RELEASE.jar:4.3.12.RELEASE]
	at org.springframework.beans.factory.support.AbstractBeanFactory.getBean(AbstractBeanFactory.java:197) ~[spring-beans-4.3.12.RELEASE.jar:4.3.12.RELEASE]
	at org.springframework.context.support.AbstractApplicationContext.getBean(AbstractApplicationContext.java:1078) ~[spring-context-4.3.12.RELEASE.jar:4.3.12.RELEASE]
	at org.springframework.context.support.AbstractApplicationContext.finishBeanFactoryInitialization(AbstractApplicationContext.java:857) ~[spring-context-4.3.12.RELEASE.jar:4.3.12.RELEASE]
	at org.springframework.context.support.AbstractApplicationContext.refresh(AbstractApplicationContext.java:543) ~[spring-context-4.3.12.RELEASE.jar:4.3.12.RELEASE]
	at org.springframework.boot.context.embedded.EmbeddedWebApplicationContext.refresh(EmbeddedWebApplicationContext.java:122) ~[spring-boot-1.5.8.RELEASE.jar:1.5.8.RELEASE]
	at org.springframework.boot.SpringApplication.refresh(SpringApplication.java:693) [spring-boot-1.5.8.RELEASE.jar:1.5.8.RELEASE]
	at org.springframework.boot.SpringApplication.refreshContext(SpringApplication.java:360) [spring-boot-1.5.8.RELEASE.jar:1.5.8.RELEASE]
	at org.springframework.boot.SpringApplication.run(SpringApplication.java:303) [spring-boot-1.5.8.RELEASE.jar:1.5.8.RELEASE]
	at org.springframework.boot.SpringApplication.run(SpringApplication.java:1118) [spring-boot-1.5.8.RELEASE.jar:1.5.8.RELEASE]
	at org.springframework.boot.SpringApplication.run(SpringApplication.java:1107) [spring-boot-1.5.8.RELEASE.jar:1.5.8.RELEASE]
	at com.example.postsapi.PostsApiApplication.main(PostsApiApplication.java:19) [main/:na]
	at sun.reflect.NativeMethodAccessorImpl.invoke0(Native Method) ~[na:1.8.0_162]
	at sun.reflect.NativeMethodAccessorImpl.invoke(NativeMethodAccessorImpl.java:62) ~[na:1.8.0_162]
	at sun.reflect.DelegatingMethodAccessorImpl.invoke(DelegatingMethodAccessorImpl.java:43) ~[na:1.8.0_162]
	at java.lang.reflect.Method.invoke(Method.java:498) ~[na:1.8.0_162]
	at org.springframework.boot.devtools.restart.RestartLauncher.run(RestartLauncher.java:49) [spring-boot-devtools-1.5.8.RELEASE.jar:1.5.8.RELEASE]
Caused by: javax.persistence.PersistenceException: [PersistenceUnit: default] Unable to build Hibernate SessionFactory
	at org.hibernate.jpa.boot.internal.EntityManagerFactoryBuilderImpl.persistenceException(EntityManagerFactoryBuilderImpl.java:954) ~[hibernate-entitymanager-5.0.12.Final.jar:5.0.12.Final]
	at org.hibernate.jpa.boot.internal.EntityManagerFactoryBuilderImpl.build(EntityManagerFactoryBuilderImpl.java:882) ~[hibernate-entitymanager-5.0.12.Final.jar:5.0.12.Final]
	at org.springframework.orm.jpa.vendor.SpringHibernateJpaPersistenceProvider.createContainerEntityManagerFactory(SpringHibernateJpaPersistenceProvider.java:60) ~[spring-orm-4.3.12.RELEASE.jar:4.3.12.RELEASE]
	at org.springframework.orm.jpa.LocalContainerEntityManagerFactoryBean.createNativeEntityManagerFactory(LocalContainerEntityManagerFactoryBean.java:353) ~[spring-orm-4.3.12.RELEASE.jar:4.3.12.RELEASE]
	at org.springframework.orm.jpa.AbstractEntityManagerFactoryBean.buildNativeEntityManagerFactory(AbstractEntityManagerFactoryBean.java:370) ~[spring-orm-4.3.12.RELEASE.jar:4.3.12.RELEASE]
	at org.springframework.orm.jpa.AbstractEntityManagerFactoryBean.afterPropertiesSet(AbstractEntityManagerFactoryBean.java:359) ~[spring-orm-4.3.12.RELEASE.jar:4.3.12.RELEASE]
	at org.springframework.beans.factory.support.AbstractAutowireCapableBeanFactory.invokeInitMethods(AbstractAutowireCapableBeanFactory.java:1687) ~[spring-beans-4.3.12.RELEASE.jar:4.3.12.RELEASE]
	at org.springframework.beans.factory.support.AbstractAutowireCapableBeanFactory.initializeBean(AbstractAutowireCapableBeanFactory.java:1624) ~[spring-beans-4.3.12.RELEASE.jar:4.3.12.RELEASE]
	... 21 common frames omitted
Caused by: org.hibernate.MappingException: Repeated column in mapping for entity: com.example.postsapi.models.Post column: user_id (should be mapped with insert="false" update="false")
	at org.hibernate.mapping.PersistentClass.checkColumnDuplication(PersistentClass.java:830) ~[hibernate-core-5.0.12.Final.jar:5.0.12.Final]
	at org.hibernate.mapping.PersistentClass.checkPropertyColumnDuplication(PersistentClass.java:848) ~[hibernate-core-5.0.12.Final.jar:5.0.12.Final]
	at org.hibernate.mapping.PersistentClass.checkColumnDuplication(PersistentClass.java:870) ~[hibernate-core-5.0.12.Final.jar:5.0.12.Final]
	at org.hibernate.mapping.PersistentClass.validate(PersistentClass.java:605) ~[hibernate-core-5.0.12.Final.jar:5.0.12.Final]
	at org.hibernate.mapping.RootClass.validate(RootClass.java:265) ~[hibernate-core-5.0.12.Final.jar:5.0.12.Final]
	at org.hibernate.boot.internal.MetadataImpl.validate(MetadataImpl.java:329) ~[hibernate-core-5.0.12.Final.jar:5.0.12.Final]
	at org.hibernate.boot.internal.SessionFactoryBuilderImpl.build(SessionFactoryBuilderImpl.java:443) ~[hibernate-core-5.0.12.Final.jar:5.0.12.Final]
	at org.hibernate.jpa.boot.internal.EntityManagerFactoryBuilderImpl.build(EntityManagerFactoryBuilderImpl.java:879) ~[hibernate-entitymanager-5.0.12.Final.jar:5.0.12.Final]
	... 27 common frames omitted


BUILD SUCCESSFUL in 2m 1s
3 actionable tasks: 2 executed, 1 up-to-date
07:06:15.423 [DEBUG] [org.gradle.launcher.daemon.server.exec.ExecuteBuild] The daemon has finished executing the build.
07:06:15.438 [DEBUG] [org.gradle.launcher.daemon.server.DaemonStateCoordinator] daemon is running. Sleeping until state changes.
07:06:15.442 [DEBUG] [org.gradle.launcher.daemon.server.DaemonStateCoordinator] Command execution: finished waiting for DaemonCommandExecution[command = Build{id=89b06159-63c9-434a-916a-a1471e066514.1, currentDir=/app}, connection = DefaultDaemonConnection: socket connection from /127.0.0.1:34989 to /127.0.0.1:60796]. Result org.gradle.launcher.daemon.server.DaemonStateCoordinator@6cb33fa2 with state Busy
07:06:15.445 [DEBUG] [org.gradle.launcher.daemon.server.DaemonStateCoordinator] Command execution: completed DaemonCommandExecution[command = Build{id=89b06159-63c9-434a-916a-a1471e066514.1, currentDir=/app}, connection = DefaultDaemonConnection: socket connection from /127.0.0.1:34989 to /127.0.0.1:60796]
07:06:15.449 [DEBUG] [org.gradle.launcher.daemon.server.DaemonStateCoordinator] resetting idle timer
07:06:15.451 [INFO] [org.gradle.launcher.daemon.server.DaemonRegistryUpdater] Marking the daemon as idle, address: [925ef148-04ae-4733-84fe-408e3c83c94f port:34989, addresses:[/127.0.0.1]]
07:06:15.455 [DEBUG] [org.gradle.launcher.daemon.registry.PersistentDaemonRegistry] Marking busy by address: [925ef148-04ae-4733-84fe-408e3c83c94f port:34989, addresses:[/127.0.0.1]]
07:06:15.482 [DEBUG] [org.gradle.cache.internal.DefaultFileLockManager] Waiting to acquire exclusive lock on daemon addresses registry.
07:06:15.487 [DEBUG] [org.gradle.cache.internal.DefaultFileLockManager] Lock acquired on daemon addresses registry.
07:06:15.503 [DEBUG] [org.gradle.cache.internal.DefaultFileLockManager] Releasing lock on daemon addresses registry.
07:06:15.511 [DEBUG] [org.gradle.launcher.daemon.server.DaemonStateCoordinator] daemon is running. Sleeping until state changes.
07:06:15.512 [DEBUG] [org.gradle.launcher.daemon.server.exec.ReturnResult] Daemon is dispatching the build result: Success[value=null]
07:06:15.518 [DEBUG] [org.gradle.launcher.daemon.server.SynchronizedDispatchConnection] thread 14: dispatching class org.gradle.launcher.daemon.protocol.Success
07:06:15.524 [DEBUG] [org.gradle.launcher.daemon.server.DefaultIncomingConnectionHandler] Finishing executing command: Build{id=89b06159-63c9-434a-916a-a1471e066514.1, currentDir=/app}
07:06:15.534 [DEBUG] [org.gradle.launcher.daemon.server.SynchronizedDispatchConnection] thread 15: received class org.gradle.launcher.daemon.protocol.Finished
07:06:15.545 [DEBUG] [org.gradle.launcher.daemon.server.DefaultDaemonConnection] thread 15: Received non-IO message from client: org.gradle.launcher.daemon.protocol.Finished@4173410d
07:06:15.549 [DEBUG] [org.gradle.internal.remote.internal.inet.SocketConnection] Discarding EOFException: java.io.EOFException
07:06:15.564 [DEBUG] [org.gradle.launcher.daemon.server.SynchronizedDispatchConnection] thread 15: received null
07:06:15.579 [DEBUG] [org.gradle.launcher.daemon.server.DefaultDaemonConnection] thread 15: Received end-of-input from client.
07:06:15.549 [DEBUG] [org.gradle.launcher.daemon.server.DefaultIncomingConnectionHandler] Received finished message: org.gradle.launcher.daemon.protocol.Finished@4173410d
07:06:15.586 [DEBUG] [org.gradle.launcher.daemon.server.SynchronizedDispatchConnection] thread 14: stopping connection
07:06:15.592 [DEBUG] [org.gradle.launcher.daemon.server.SynchronizedDispatchConnection] thread 14: stopping connection
